2024-02-06 21:45:02.638 [info] <0.44.0> Application logger started on node nonode@nohost
2024-02-06 21:45:02.640 [info] <0.44.0> Application gen_stage started on node nonode@nohost
2024-02-06 21:45:02.640 [info] <0.44.0> Application telemetry started on node nonode@nohost
2024-02-06 21:45:02.641 [info] <0.44.0> Application broadway started on node nonode@nohost
2024-02-06 21:45:02.641 [info] <0.44.0> Application xmerl started on node nonode@nohost
2024-02-06 21:45:02.649 [info] <0.44.0> Application sasl started on node nonode@nohost
2024-02-06 21:45:02.649 [info] <0.44.0> Application tools started on node nonode@nohost
2024-02-06 21:45:02.649 [info] <0.44.0> Application jsx started on node nonode@nohost
2024-02-06 21:45:02.649 [info] <0.44.0> Application recon started on node nonode@nohost
2024-02-06 21:45:02.708 [info] <0.44.0> Application credentials_obfuscation started on node nonode@nohost
2024-02-06 21:45:02.708 [info] <0.44.0> Application rabbit_common started on node nonode@nohost
2024-02-06 21:45:02.718 [info] <0.44.0> Application amqp_client started on node nonode@nohost
2024-02-06 21:45:02.718 [info] <0.44.0> Application amqp started on node nonode@nohost
2024-02-06 21:45:02.718 [info] <0.44.0> Application nimble_options started on node nonode@nohost
2024-02-06 21:45:02.718 [info] <0.44.0> Application broadway_rabbitmq started on node nonode@nohost
2024-02-06 21:45:02.727 [info] <0.44.0> Application tickets started on node nonode@nohost
2024-02-06 22:14:57.491 [info] <0.44.0> Application logger started on node nonode@nohost
2024-02-06 22:14:57.494 [info] <0.44.0> Application gen_stage started on node nonode@nohost
2024-02-06 22:14:57.494 [info] <0.44.0> Application telemetry started on node nonode@nohost
2024-02-06 22:14:57.498 [info] <0.44.0> Application broadway started on node nonode@nohost
2024-02-06 22:14:57.498 [info] <0.44.0> Application xmerl started on node nonode@nohost
2024-02-06 22:14:57.506 [info] <0.44.0> Application sasl started on node nonode@nohost
2024-02-06 22:14:57.506 [info] <0.44.0> Application tools started on node nonode@nohost
2024-02-06 22:14:57.506 [info] <0.44.0> Application jsx started on node nonode@nohost
2024-02-06 22:14:57.506 [info] <0.44.0> Application recon started on node nonode@nohost
2024-02-06 22:14:57.554 [info] <0.44.0> Application credentials_obfuscation started on node nonode@nohost
2024-02-06 22:14:57.554 [info] <0.44.0> Application rabbit_common started on node nonode@nohost
2024-02-06 22:14:57.560 [info] <0.44.0> Application amqp_client started on node nonode@nohost
2024-02-06 22:14:57.562 [info] <0.44.0> Application amqp started on node nonode@nohost
2024-02-06 22:14:57.562 [info] <0.44.0> Application nimble_options started on node nonode@nohost
2024-02-06 22:14:57.562 [info] <0.44.0> Application broadway_rabbitmq started on node nonode@nohost
2024-02-06 22:14:57.587 [info] <0.44.0> Application tickets started on node nonode@nohost
2024-02-07 08:08:17.481 [info] <0.44.0> Application logger started on node nonode@nohost
2024-02-07 08:08:17.484 [info] <0.44.0> Application gen_stage started on node nonode@nohost
2024-02-07 08:08:17.484 [info] <0.44.0> Application telemetry started on node nonode@nohost
2024-02-07 08:08:17.486 [info] <0.44.0> Application broadway started on node nonode@nohost
2024-02-07 08:08:17.486 [info] <0.44.0> Application xmerl started on node nonode@nohost
2024-02-07 08:08:17.492 [info] <0.44.0> Application sasl started on node nonode@nohost
2024-02-07 08:08:17.493 [info] <0.44.0> Application tools started on node nonode@nohost
2024-02-07 08:08:17.493 [info] <0.44.0> Application jsx started on node nonode@nohost
2024-02-07 08:08:17.493 [info] <0.44.0> Application recon started on node nonode@nohost
2024-02-07 08:08:17.543 [info] <0.44.0> Application credentials_obfuscation started on node nonode@nohost
2024-02-07 08:08:17.543 [info] <0.44.0> Application rabbit_common started on node nonode@nohost
2024-02-07 08:08:17.551 [info] <0.44.0> Application amqp_client started on node nonode@nohost
2024-02-07 08:08:17.554 [info] <0.44.0> Application amqp started on node nonode@nohost
2024-02-07 08:08:17.554 [info] <0.44.0> Application nimble_options started on node nonode@nohost
2024-02-07 08:08:17.554 [info] <0.44.0> Application broadway_rabbitmq started on node nonode@nohost
2024-02-07 08:08:17.587 [info] <0.44.0> Application tickets started on node nonode@nohost
2024-02-08 20:50:09.574 [info] <0.44.0> Application logger started on node nonode@nohost
2024-02-08 20:50:09.578 [info] <0.44.0> Application gen_stage started on node nonode@nohost
2024-02-08 20:50:09.578 [info] <0.44.0> Application telemetry started on node nonode@nohost
2024-02-08 20:50:09.582 [info] <0.44.0> Application broadway started on node nonode@nohost
2024-02-08 20:50:09.582 [info] <0.44.0> Application xmerl started on node nonode@nohost
2024-02-08 20:50:09.591 [info] <0.44.0> Application sasl started on node nonode@nohost
2024-02-08 20:50:09.591 [info] <0.44.0> Application tools started on node nonode@nohost
2024-02-08 20:50:09.592 [info] <0.44.0> Application jsx started on node nonode@nohost
2024-02-08 20:50:09.592 [info] <0.44.0> Application recon started on node nonode@nohost
2024-02-08 20:50:09.643 [info] <0.44.0> Application credentials_obfuscation started on node nonode@nohost
2024-02-08 20:50:09.643 [info] <0.44.0> Application rabbit_common started on node nonode@nohost
2024-02-08 20:50:09.650 [info] <0.44.0> Application amqp_client started on node nonode@nohost
2024-02-08 20:50:09.652 [info] <0.44.0> Application amqp started on node nonode@nohost
2024-02-08 20:50:09.652 [info] <0.44.0> Application nimble_options started on node nonode@nohost
2024-02-08 20:50:09.652 [info] <0.44.0> Application broadway_rabbitmq started on node nonode@nohost
2024-02-08 20:50:09.682 [info] <0.44.0> Application tickets started on node nonode@nohost
2024-02-08 20:51:12.869 [info] <0.44.0> Application logger started on node nonode@nohost
2024-02-08 20:51:12.870 [info] <0.44.0> Application gen_stage started on node nonode@nohost
2024-02-08 20:51:12.870 [info] <0.44.0> Application telemetry started on node nonode@nohost
2024-02-08 20:51:12.872 [info] <0.44.0> Application broadway started on node nonode@nohost
2024-02-08 20:51:12.872 [info] <0.44.0> Application xmerl started on node nonode@nohost
2024-02-08 20:51:12.877 [info] <0.44.0> Application sasl started on node nonode@nohost
2024-02-08 20:51:12.877 [info] <0.44.0> Application tools started on node nonode@nohost
2024-02-08 20:51:12.877 [info] <0.44.0> Application jsx started on node nonode@nohost
2024-02-08 20:51:12.877 [info] <0.44.0> Application recon started on node nonode@nohost
2024-02-08 20:51:12.923 [info] <0.44.0> Application credentials_obfuscation started on node nonode@nohost
2024-02-08 20:51:12.923 [info] <0.44.0> Application rabbit_common started on node nonode@nohost
2024-02-08 20:51:12.930 [info] <0.44.0> Application amqp_client started on node nonode@nohost
2024-02-08 20:51:12.932 [info] <0.44.0> Application amqp started on node nonode@nohost
2024-02-08 20:51:12.932 [info] <0.44.0> Application nimble_options started on node nonode@nohost
2024-02-08 20:51:12.932 [info] <0.44.0> Application broadway_rabbitmq started on node nonode@nohost
2024-02-08 20:51:12.966 [info] <0.44.0> Application tickets started on node nonode@nohost
2024-02-08 21:07:12.473 [info] <0.44.0> Application logger started on node nonode@nohost
2024-02-08 21:07:12.475 [info] <0.44.0> Application gen_stage started on node nonode@nohost
2024-02-08 21:07:12.475 [info] <0.44.0> Application telemetry started on node nonode@nohost
2024-02-08 21:07:12.478 [info] <0.44.0> Application broadway started on node nonode@nohost
2024-02-08 21:07:12.478 [info] <0.44.0> Application xmerl started on node nonode@nohost
2024-02-08 21:07:12.484 [info] <0.44.0> Application sasl started on node nonode@nohost
2024-02-08 21:07:12.484 [info] <0.44.0> Application tools started on node nonode@nohost
2024-02-08 21:07:12.484 [info] <0.44.0> Application jsx started on node nonode@nohost
2024-02-08 21:07:12.484 [info] <0.44.0> Application recon started on node nonode@nohost
2024-02-08 21:07:12.552 [info] <0.44.0> Application credentials_obfuscation started on node nonode@nohost
2024-02-08 21:07:12.552 [info] <0.44.0> Application rabbit_common started on node nonode@nohost
2024-02-08 21:07:12.558 [info] <0.44.0> Application amqp_client started on node nonode@nohost
2024-02-08 21:07:12.560 [info] <0.44.0> Application amqp started on node nonode@nohost
2024-02-08 21:07:12.560 [info] <0.44.0> Application nimble_options started on node nonode@nohost
2024-02-08 21:07:12.560 [info] <0.44.0> Application broadway_rabbitmq started on node nonode@nohost
2024-02-08 21:07:12.593 [info] <0.44.0> Application tickets started on node nonode@nohost
2024-02-08 21:31:02.378 [info] <0.44.0> Application logger started on node nonode@nohost
2024-02-08 21:31:02.380 [info] <0.44.0> Application gen_stage started on node nonode@nohost
2024-02-08 21:31:02.380 [info] <0.44.0> Application telemetry started on node nonode@nohost
2024-02-08 21:31:02.382 [info] <0.44.0> Application broadway started on node nonode@nohost
2024-02-08 21:31:02.383 [info] <0.44.0> Application xmerl started on node nonode@nohost
2024-02-08 21:31:02.388 [info] <0.44.0> Application sasl started on node nonode@nohost
2024-02-08 21:31:02.388 [info] <0.44.0> Application tools started on node nonode@nohost
2024-02-08 21:31:02.388 [info] <0.44.0> Application jsx started on node nonode@nohost
2024-02-08 21:31:02.388 [info] <0.44.0> Application recon started on node nonode@nohost
2024-02-08 21:31:02.432 [info] <0.44.0> Application credentials_obfuscation started on node nonode@nohost
2024-02-08 21:31:02.432 [info] <0.44.0> Application rabbit_common started on node nonode@nohost
2024-02-08 21:31:02.438 [info] <0.44.0> Application amqp_client started on node nonode@nohost
2024-02-08 21:31:02.440 [info] <0.44.0> Application amqp started on node nonode@nohost
2024-02-08 21:31:02.440 [info] <0.44.0> Application nimble_options started on node nonode@nohost
2024-02-08 21:31:02.440 [info] <0.44.0> Application broadway_rabbitmq started on node nonode@nohost
2024-02-08 21:31:02.483 [info] <0.44.0> Application tickets started on node nonode@nohost
2024-02-08 21:33:34.009 [info] <0.44.0> Application logger started on node nonode@nohost
2024-02-08 21:33:34.012 [info] <0.44.0> Application gen_stage started on node nonode@nohost
2024-02-08 21:33:34.012 [info] <0.44.0> Application telemetry started on node nonode@nohost
2024-02-08 21:33:34.015 [info] <0.44.0> Application broadway started on node nonode@nohost
2024-02-08 21:33:34.016 [info] <0.44.0> Application xmerl started on node nonode@nohost
2024-02-08 21:33:34.026 [info] <0.44.0> Application sasl started on node nonode@nohost
2024-02-08 21:33:34.026 [info] <0.44.0> Application tools started on node nonode@nohost
2024-02-08 21:33:34.026 [info] <0.44.0> Application jsx started on node nonode@nohost
2024-02-08 21:33:34.026 [info] <0.44.0> Application recon started on node nonode@nohost
2024-02-08 21:33:34.097 [info] <0.44.0> Application credentials_obfuscation started on node nonode@nohost
2024-02-08 21:33:34.097 [info] <0.44.0> Application rabbit_common started on node nonode@nohost
2024-02-08 21:33:34.102 [info] <0.44.0> Application amqp_client started on node nonode@nohost
2024-02-08 21:33:34.104 [info] <0.44.0> Application amqp started on node nonode@nohost
2024-02-08 21:33:34.104 [info] <0.44.0> Application nimble_options started on node nonode@nohost
2024-02-08 21:33:34.104 [info] <0.44.0> Application broadway_rabbitmq started on node nonode@nohost
2024-02-08 21:33:34.134 [info] <0.44.0> Application tickets started on node nonode@nohost
2024-02-08 21:38:59.234 [info] <0.44.0> Application logger started on node nonode@nohost
2024-02-08 21:38:59.235 [info] <0.44.0> Application gen_stage started on node nonode@nohost
2024-02-08 21:38:59.235 [info] <0.44.0> Application telemetry started on node nonode@nohost
2024-02-08 21:38:59.237 [info] <0.44.0> Application broadway started on node nonode@nohost
2024-02-08 21:38:59.237 [info] <0.44.0> Application xmerl started on node nonode@nohost
2024-02-08 21:38:59.241 [info] <0.44.0> Application sasl started on node nonode@nohost
2024-02-08 21:38:59.241 [info] <0.44.0> Application tools started on node nonode@nohost
2024-02-08 21:38:59.242 [info] <0.44.0> Application jsx started on node nonode@nohost
2024-02-08 21:38:59.242 [info] <0.44.0> Application recon started on node nonode@nohost
2024-02-08 21:38:59.303 [info] <0.44.0> Application credentials_obfuscation started on node nonode@nohost
2024-02-08 21:38:59.303 [info] <0.44.0> Application rabbit_common started on node nonode@nohost
2024-02-08 21:38:59.308 [info] <0.44.0> Application amqp_client started on node nonode@nohost
2024-02-08 21:38:59.310 [info] <0.44.0> Application amqp started on node nonode@nohost
2024-02-08 21:38:59.310 [info] <0.44.0> Application nimble_options started on node nonode@nohost
2024-02-08 21:38:59.310 [info] <0.44.0> Application broadway_rabbitmq started on node nonode@nohost
2024-02-08 21:38:59.340 [info] <0.44.0> Application tickets started on node nonode@nohost
2024-02-09 06:19:20.146 [info] <0.44.0> Application logger started on node nonode@nohost
2024-02-09 06:19:20.149 [info] <0.44.0> Application gen_stage started on node nonode@nohost
2024-02-09 06:19:20.149 [info] <0.44.0> Application telemetry started on node nonode@nohost
2024-02-09 06:19:20.151 [info] <0.44.0> Application broadway started on node nonode@nohost
2024-02-09 06:19:20.151 [info] <0.44.0> Application xmerl started on node nonode@nohost
2024-02-09 06:19:20.157 [info] <0.44.0> Application sasl started on node nonode@nohost
2024-02-09 06:19:20.157 [info] <0.44.0> Application tools started on node nonode@nohost
2024-02-09 06:19:20.157 [info] <0.44.0> Application jsx started on node nonode@nohost
2024-02-09 06:19:20.157 [info] <0.44.0> Application recon started on node nonode@nohost
2024-02-09 06:19:20.206 [info] <0.44.0> Application credentials_obfuscation started on node nonode@nohost
2024-02-09 06:19:20.206 [info] <0.44.0> Application rabbit_common started on node nonode@nohost
2024-02-09 06:19:20.212 [info] <0.44.0> Application amqp_client started on node nonode@nohost
2024-02-09 06:19:20.214 [info] <0.44.0> Application amqp started on node nonode@nohost
2024-02-09 06:19:20.214 [info] <0.44.0> Application nimble_options started on node nonode@nohost
2024-02-09 06:19:20.214 [info] <0.44.0> Application broadway_rabbitmq started on node nonode@nohost
2024-02-09 06:19:20.250 [info] <0.44.0> Application tickets started on node nonode@nohost
2024-02-09 07:04:57.155 [warning] <0.403.0> Connection (<0.403.0>) closing: received hard error {'connection.close',320,<<"CONNECTION_FORCED - broker forced connection closure with reason 'shutdown'">>,0,0} from server
2024-02-09 07:04:57.155 [warning] <0.407.0> Connection (<0.407.0>) closing: received hard error {'connection.close',320,<<"CONNECTION_FORCED - broker forced connection closure with reason 'shutdown'">>,0,0} from server
2024-02-09 07:04:57.155 [error] <0.415.0> Supervisor {<0.415.0>,amqp_channel_sup_sup} had child channel_sup started with amqp_channel_sup:start_link(network, <0.403.0>, <<"client 127.0.0.1:60689 -> 127.0.0.1:5672">>) at undefined exit with reason noproc in context shutdown_error
